<?xml version="1.0" encoding="UTF-8"?>
<!-- Generated by org.testng.reporters.JUnitReportReporter -->
<testsuite hostname="Tejas" failures="0" tests="1" name="agastya.HomePageTest" time="34.471" errors="0" timestamp="2024-07-13T23:38:18 IST" skipped="0">
  <testcase classname="agastya.HomePageTest" name="verifySerachResultOnSearchingFalcon" time="34.471"/>
  <system-out/>
</testsuite> <!-- agastya.HomePageTest -->
